<?xml version="1.0" encoding="UTF-8"?>
<!-- Generated by org.testng.reporters.JUnitReportReporter -->
<testsuite hostname="DESKTOP-ASAC5T2" failures="0" tests="1" name="tests.LoginTest" time="11.108" errors="0" timestamp="2021-03-29T09:40:00 EDT" skipped="0">
  <testcase classname="tests.LoginTest" name="Login_Test" time="11.108"/>
  <system-out/>
</testsuite> <!-- tests.LoginTest -->
